[   21705ms] [LOG] [mj] connected to room 6099 @ https://big2-three.vercel.app/_next/static/chunks/14qbx07tjz95u.js:12
[  105467ms] [ERROR] Failed to load resource: the server responded with a status of 400 () @ https://big2-three.vercel.app/api/mahjong/draw:0
[  105468ms] [ERROR] [mj] draw failed: Error: {"error":"還沒輪到你"}
    at n (https://big2-three.vercel.app/_next/static/chunks/14qbx07tjz95u.js:1:600)
    at async https://big2-three.vercel.app/_next/static/chunks/14qbx07tjz95u.js:13:5644 @ https://big2-three.vercel.app/_next/static/chunks/14qbx07tjz95u.js:12
[  106743ms] [ERROR] Failed to load resource: the server responded with a status of 400 () @ https://big2-three.vercel.app/api/mahjong/draw:0
[  106743ms] [ERROR] [mj] draw failed: Error: {"error":"還沒輪到你"}
    at n (https://big2-three.vercel.app/_next/static/chunks/14qbx07tjz95u.js:1:600)
    at async https://big2-three.vercel.app/_next/static/chunks/14qbx07tjz95u.js:13:5644 @ https://big2-three.vercel.app/_next/static/chunks/14qbx07tjz95u.js:12
[  142928ms] [ERROR] Failed to load resource: the server responded with a status of 400 () @ https://big2-three.vercel.app/api/mahjong/draw:0
[  142933ms] [ERROR] [mj] draw failed: Error: {"error":"還沒輪到你"}
    at n (https://big2-three.vercel.app/_next/static/chunks/14qbx07tjz95u.js:1:600)
    at async https://big2-three.vercel.app/_next/static/chunks/14qbx07tjz95u.js:13:5644 @ https://big2-three.vercel.app/_next/static/chunks/14qbx07tjz95u.js:12
[  144493ms] [ERROR] Failed to load resource: the server responded with a status of 400 () @ https://big2-three.vercel.app/api/mahjong/draw:0
[  144494ms] [ERROR] [mj] draw failed: Error: {"error":"還沒輪到你"}
    at n (https://big2-three.vercel.app/_next/static/chunks/14qbx07tjz95u.js:1:600)
    at async https://big2-three.vercel.app/_next/static/chunks/14qbx07tjz95u.js:13:5644 @ https://big2-three.vercel.app/_next/static/chunks/14qbx07tjz95u.js:12
[  182657ms] [ERROR] Failed to load resource: the server responded with a status of 400 () @ https://big2-three.vercel.app/api/mahjong/draw:0
[  182659ms] [ERROR] [mj] draw failed: Error: {"error":"還沒輪到你"}
    at n (https://big2-three.vercel.app/_next/static/chunks/14qbx07tjz95u.js:1:600)
    at async https://big2-three.vercel.app/_next/static/chunks/14qbx07tjz95u.js:13:5644 @ https://big2-three.vercel.app/_next/static/chunks/14qbx07tjz95u.js:12
[  184110ms] [ERROR] Failed to load resource: the server responded with a status of 400 () @ https://big2-three.vercel.app/api/mahjong/draw:0
[  184111ms] [ERROR] [mj] draw failed: Error: {"error":"還沒輪到你"}
    at n (https://big2-three.vercel.app/_next/static/chunks/14qbx07tjz95u.js:1:600)
    at async https://big2-three.vercel.app/_next/static/chunks/14qbx07tjz95u.js:13:5644 @ https://big2-three.vercel.app/_next/static/chunks/14qbx07tjz95u.js:12
[  269839ms] [ERROR] Failed to load resource: the server responded with a status of 400 () @ https://big2-three.vercel.app/api/mahjong/draw:0
[  269841ms] [ERROR] [mj] draw failed: Error: {"error":"還沒輪到你"}
    at n (https://big2-three.vercel.app/_next/static/chunks/14qbx07tjz95u.js:1:600)
    at async https://big2-three.vercel.app/_next/static/chunks/14qbx07tjz95u.js:13:5644 @ https://big2-three.vercel.app/_next/static/chunks/14qbx07tjz95u.js:12
[  271368ms] [ERROR] Failed to load resource: the server responded with a status of 400 () @ https://big2-three.vercel.app/api/mahjong/draw:0
[  271369ms] [ERROR] [mj] draw failed: Error: {"error":"還沒輪到你"}
    at n (https://big2-three.vercel.app/_next/static/chunks/14qbx07tjz95u.js:1:600)
    at async https://big2-three.vercel.app/_next/static/chunks/14qbx07tjz95u.js:13:5644 @ https://big2-three.vercel.app/_next/static/chunks/14qbx07tjz95u.js:12
[  557665ms] [ERROR] Failed to load resource: the server responded with a status of 400 () @ https://big2-three.vercel.app/api/mahjong/draw:0
[  557666ms] [ERROR] [mj] draw failed: Error: {"error":"已經摸過牌了"}
    at n (https://big2-three.vercel.app/_next/static/chunks/14qbx07tjz95u.js:1:600)
    at async https://big2-three.vercel.app/_next/static/chunks/14qbx07tjz95u.js:13:5644 @ https://big2-three.vercel.app/_next/static/chunks/14qbx07tjz95u.js:12
[  566450ms] [ERROR] Failed to load resource: the server responded with a status of 400 () @ https://big2-three.vercel.app/api/mahjong/draw:0
[  566450ms] [ERROR] [mj] draw failed: Error: {"error":"還沒輪到你"}
    at n (https://big2-three.vercel.app/_next/static/chunks/14qbx07tjz95u.js:1:600)
    at async https://big2-three.vercel.app/_next/static/chunks/14qbx07tjz95u.js:13:5644 @ https://big2-three.vercel.app/_next/static/chunks/14qbx07tjz95u.js:12
[  610118ms] [ERROR] Failed to load resource: the server responded with a status of 400 () @ https://big2-three.vercel.app/api/mahjong/draw:0
[  610120ms] [ERROR] [mj] draw failed: Error: {"error":"已經摸過牌了"}
    at n (https://big2-three.vercel.app/_next/static/chunks/14qbx07tjz95u.js:1:600)
    at async https://big2-three.vercel.app/_next/static/chunks/14qbx07tjz95u.js:13:5644 @ https://big2-three.vercel.app/_next/static/chunks/14qbx07tjz95u.js:12
[  611421ms] [ERROR] Failed to load resource: the server responded with a status of 400 () @ https://big2-three.vercel.app/api/mahjong/draw:0
[  611422ms] [ERROR] [mj] draw failed: Error: {"error":"已經摸過牌了"}
    at n (https://big2-three.vercel.app/_next/static/chunks/14qbx07tjz95u.js:1:600)
    at async https://big2-three.vercel.app/_next/static/chunks/14qbx07tjz95u.js:13:5644 @ https://big2-three.vercel.app/_next/static/chunks/14qbx07tjz95u.js:12
[  616648ms] [ERROR] Failed to load resource: the server responded with a status of 400 () @ https://big2-three.vercel.app/api/mahjong/draw:0
[  616648ms] [ERROR] [mj] draw failed: Error: {"error":"還沒輪到你"}
    at n (https://big2-three.vercel.app/_next/static/chunks/14qbx07tjz95u.js:1:600)
    at async https://big2-three.vercel.app/_next/static/chunks/14qbx07tjz95u.js:13:5644 @ https://big2-three.vercel.app/_next/static/chunks/14qbx07tjz95u.js:12
[  659353ms] [ERROR] Failed to load resource: the server responded with a status of 400 () @ https://big2-three.vercel.app/api/mahjong/draw:0
[  659354ms] [ERROR] [mj] draw failed: Error: {"error":"還沒輪到你"}
    at n (https://big2-three.vercel.app/_next/static/chunks/14qbx07tjz95u.js:1:600)
    at async https://big2-three.vercel.app/_next/static/chunks/14qbx07tjz95u.js:13:5644 @ https://big2-three.vercel.app/_next/static/chunks/14qbx07tjz95u.js:12
[  660674ms] [ERROR] Failed to load resource: the server responded with a status of 400 () @ https://big2-three.vercel.app/api/mahjong/draw:0
[  660674ms] [ERROR] [mj] draw failed: Error: {"error":"還沒輪到你"}
    at n (https://big2-three.vercel.app/_next/static/chunks/14qbx07tjz95u.js:1:600)
    at async https://big2-three.vercel.app/_next/static/chunks/14qbx07tjz95u.js:13:5644 @ https://big2-three.vercel.app/_next/static/chunks/14qbx07tjz95u.js:12
[  732756ms] [ERROR] Failed to load resource: the server responded with a status of 400 () @ https://big2-three.vercel.app/api/mahjong/draw:0
[  732761ms] [ERROR] [mj] draw failed: Error: {"error":"已經摸過牌了"}
    at n (https://big2-three.vercel.app/_next/static/chunks/14qbx07tjz95u.js:1:600)
    at async https://big2-three.vercel.app/_next/static/chunks/14qbx07tjz95u.js:13:5644 @ https://big2-three.vercel.app/_next/static/chunks/14qbx07tjz95u.js:12
[  738045ms] [ERROR] Failed to load resource: the server responded with a status of 400 () @ https://big2-three.vercel.app/api/mahjong/draw:0
[  738046ms] [ERROR] [mj] draw failed: Error: {"error":"還沒輪到你"}
    at n (https://big2-three.vercel.app/_next/static/chunks/14qbx07tjz95u.js:1:600)
    at async https://big2-three.vercel.app/_next/static/chunks/14qbx07tjz95u.js:13:5644 @ https://big2-three.vercel.app/_next/static/chunks/14qbx07tjz95u.js:12
[  739225ms] [ERROR] Failed to load resource: the server responded with a status of 400 () @ https://big2-three.vercel.app/api/mahjong/draw:0
[  739225ms] [ERROR] [mj] draw failed: Error: {"error":"還沒輪到你"}
    at n (https://big2-three.vercel.app/_next/static/chunks/14qbx07tjz95u.js:1:600)
    at async https://big2-three.vercel.app/_next/static/chunks/14qbx07tjz95u.js:13:5644 @ https://big2-three.vercel.app/_next/static/chunks/14qbx07tjz95u.js:12
