[    5446ms] [LOG] [mj] connected to room 9576 @ https://big2-three.vercel.app/_next/static/chunks/0x_73-b6kym3c.js:12
[   63884ms] [ERROR] Failed to load resource: the server responded with a status of 400 () @ https://big2-three.vercel.app/api/mahjong/draw:0
[   63888ms] [ERROR] [mj] draw failed: Error: {"error":"還沒輪到你"}
    at n (https://big2-three.vercel.app/_next/static/chunks/0x_73-b6kym3c.js:1:600)
    at async https://big2-three.vercel.app/_next/static/chunks/0x_73-b6kym3c.js:13:5644 @ https://big2-three.vercel.app/_next/static/chunks/0x_73-b6kym3c.js:12
[  156990ms] [ERROR] Failed to load resource: the server responded with a status of 400 () @ https://big2-three.vercel.app/api/mahjong/draw:0
[  156991ms] [ERROR] [mj] draw failed: Error: {"error":"還沒輪到你"}
    at n (https://big2-three.vercel.app/_next/static/chunks/0x_73-b6kym3c.js:1:600)
    at async https://big2-three.vercel.app/_next/static/chunks/0x_73-b6kym3c.js:13:5644 @ https://big2-three.vercel.app/_next/static/chunks/0x_73-b6kym3c.js:12
[  160200ms] [ERROR] Failed to load resource: the server responded with a status of 400 () @ https://big2-three.vercel.app/api/mahjong/draw:0
[  160200ms] [ERROR] [mj] draw failed: Error: {"error":"還沒輪到你"}
    at n (https://big2-three.vercel.app/_next/static/chunks/0x_73-b6kym3c.js:1:600)
    at async https://big2-three.vercel.app/_next/static/chunks/0x_73-b6kym3c.js:13:5644 @ https://big2-three.vercel.app/_next/static/chunks/0x_73-b6kym3c.js:12
[  246660ms] [ERROR] Failed to load resource: the server responded with a status of 400 () @ https://big2-three.vercel.app/api/mahjong/draw:0
[  246662ms] [ERROR] [mj] draw failed: Error: {"error":"還沒輪到你"}
    at n (https://big2-three.vercel.app/_next/static/chunks/0x_73-b6kym3c.js:1:600)
    at async https://big2-three.vercel.app/_next/static/chunks/0x_73-b6kym3c.js:13:5644 @ https://big2-three.vercel.app/_next/static/chunks/0x_73-b6kym3c.js:12
[  249927ms] [ERROR] Failed to load resource: the server responded with a status of 400 () @ https://big2-three.vercel.app/api/mahjong/draw:0
[  249928ms] [ERROR] [mj] draw failed: Error: {"error":"還沒輪到你"}
    at n (https://big2-three.vercel.app/_next/static/chunks/0x_73-b6kym3c.js:1:600)
    at async https://big2-three.vercel.app/_next/static/chunks/0x_73-b6kym3c.js:13:5644 @ https://big2-three.vercel.app/_next/static/chunks/0x_73-b6kym3c.js:12
[  285751ms] [ERROR] Failed to load resource: the server responded with a status of 400 () @ https://big2-three.vercel.app/api/mahjong/draw:0
[  285753ms] [ERROR] [mj] draw failed: Error: {"error":"已經摸過牌了"}
    at n (https://big2-three.vercel.app/_next/static/chunks/0x_73-b6kym3c.js:1:600)
    at async https://big2-three.vercel.app/_next/static/chunks/0x_73-b6kym3c.js:13:5644 @ https://big2-three.vercel.app/_next/static/chunks/0x_73-b6kym3c.js:12
[  338825ms] [ERROR] Failed to load resource: the server responded with a status of 400 () @ https://big2-three.vercel.app/api/mahjong/draw:0
[  338828ms] [ERROR] [mj] draw failed: Error: {"error":"還沒輪到你"}
    at n (https://big2-three.vercel.app/_next/static/chunks/0x_73-b6kym3c.js:1:600)
    at async https://big2-three.vercel.app/_next/static/chunks/0x_73-b6kym3c.js:13:5644 @ https://big2-three.vercel.app/_next/static/chunks/0x_73-b6kym3c.js:12
[  371898ms] [ERROR] Failed to load resource: the server responded with a status of 400 () @ https://big2-three.vercel.app/api/mahjong/draw:0
[  371901ms] [ERROR] [mj] draw failed: Error: {"error":"已經摸過牌了"}
    at n (https://big2-three.vercel.app/_next/static/chunks/0x_73-b6kym3c.js:1:600)
    at async https://big2-three.vercel.app/_next/static/chunks/0x_73-b6kym3c.js:13:5644 @ https://big2-three.vercel.app/_next/static/chunks/0x_73-b6kym3c.js:12
[  389564ms] [ERROR] Failed to load resource: the server responded with a status of 400 () @ https://big2-three.vercel.app/api/mahjong/draw:0
[  389565ms] [ERROR] [mj] draw failed: Error: {"error":"還沒輪到你"}
    at n (https://big2-three.vercel.app/_next/static/chunks/0x_73-b6kym3c.js:1:600)
    at async https://big2-three.vercel.app/_next/static/chunks/0x_73-b6kym3c.js:13:5644 @ https://big2-three.vercel.app/_next/static/chunks/0x_73-b6kym3c.js:12
[  437157ms] [ERROR] Failed to load resource: the server responded with a status of 400 () @ https://big2-three.vercel.app/api/mahjong/draw:0
[  437157ms] [ERROR] [mj] draw failed: Error: {"error":"已經摸過牌了"}
    at n (https://big2-three.vercel.app/_next/static/chunks/0x_73-b6kym3c.js:1:600)
    at async https://big2-three.vercel.app/_next/static/chunks/0x_73-b6kym3c.js:13:5644 @ https://big2-three.vercel.app/_next/static/chunks/0x_73-b6kym3c.js:12
[  444183ms] [ERROR] Failed to load resource: the server responded with a status of 400 () @ https://big2-three.vercel.app/api/mahjong/draw:0
[  444185ms] [ERROR] [mj] draw failed: Error: {"error":"還沒輪到你"}
    at n (https://big2-three.vercel.app/_next/static/chunks/0x_73-b6kym3c.js:1:600)
    at async https://big2-three.vercel.app/_next/static/chunks/0x_73-b6kym3c.js:13:5644 @ https://big2-three.vercel.app/_next/static/chunks/0x_73-b6kym3c.js:12
[  544018ms] [ERROR] Failed to load resource: the server responded with a status of 400 () @ https://big2-three.vercel.app/api/mahjong/draw:0
[  544022ms] [ERROR] [mj] draw failed: Error: {"error":"還沒輪到你"}
    at n (https://big2-three.vercel.app/_next/static/chunks/0x_73-b6kym3c.js:1:600)
    at async https://big2-three.vercel.app/_next/static/chunks/0x_73-b6kym3c.js:13:5644 @ https://big2-three.vercel.app/_next/static/chunks/0x_73-b6kym3c.js:12
