[    5931ms] [LOG] [mj] connected to room 7310 @ https://big2-three.vercel.app/_next/static/chunks/0uir7-bnzxe70.js:12
[   64960ms] [ERROR] Failed to load resource: the server responded with a status of 400 () @ https://big2-three.vercel.app/api/mahjong/draw:0
[   64962ms] [ERROR] [mj] draw failed: Error: {"error":"還沒輪到你"}
    at n (https://big2-three.vercel.app/_next/static/chunks/0uir7-bnzxe70.js:1:600)
    at async https://big2-three.vercel.app/_next/static/chunks/0uir7-bnzxe70.js:13:5644 @ https://big2-three.vercel.app/_next/static/chunks/0uir7-bnzxe70.js:12
[   96960ms] [ERROR] Failed to load resource: the server responded with a status of 400 () @ https://big2-three.vercel.app/api/mahjong/draw:0
[   96962ms] [ERROR] [mj] draw failed: Error: {"error":"還沒輪到你"}
    at n (https://big2-three.vercel.app/_next/static/chunks/0uir7-bnzxe70.js:1:600)
    at async https://big2-three.vercel.app/_next/static/chunks/0uir7-bnzxe70.js:13:5644 @ https://big2-three.vercel.app/_next/static/chunks/0uir7-bnzxe70.js:12
[   99046ms] [ERROR] Failed to load resource: the server responded with a status of 400 () @ https://big2-three.vercel.app/api/mahjong/draw:0
[   99047ms] [ERROR] [mj] draw failed: Error: {"error":"還沒輪到你"}
    at n (https://big2-three.vercel.app/_next/static/chunks/0uir7-bnzxe70.js:1:600)
    at async https://big2-three.vercel.app/_next/static/chunks/0uir7-bnzxe70.js:13:5644 @ https://big2-three.vercel.app/_next/static/chunks/0uir7-bnzxe70.js:12
[  110619ms] [ERROR] Failed to load resource: the server responded with a status of 400 () @ https://big2-three.vercel.app/api/mahjong/action:0
[  110621ms] [ERROR] [mj] action failed: Error: {"error":"沒有可以吃碰槓的牌"}
    at n (https://big2-three.vercel.app/_next/static/chunks/0uir7-bnzxe70.js:1:600)
    at async https://big2-three.vercel.app/_next/static/chunks/0uir7-bnzxe70.js:13:6139 @ https://big2-three.vercel.app/_next/static/chunks/0uir7-bnzxe70.js:12
[  113869ms] [ERROR] Failed to load resource: the server responded with a status of 400 () @ https://big2-three.vercel.app/api/mahjong/action:0
[  113870ms] [ERROR] [mj] action failed: Error: {"error":"沒有可以吃碰槓的牌"}
    at n (https://big2-three.vercel.app/_next/static/chunks/0uir7-bnzxe70.js:1:600)
    at async https://big2-three.vercel.app/_next/static/chunks/0uir7-bnzxe70.js:13:6139 @ https://big2-three.vercel.app/_next/static/chunks/0uir7-bnzxe70.js:12
[  117036ms] [ERROR] Failed to load resource: the server responded with a status of 400 () @ https://big2-three.vercel.app/api/mahjong/action:0
[  117038ms] [ERROR] [mj] action failed: Error: {"error":"沒有可以吃碰槓的牌"}
    at n (https://big2-three.vercel.app/_next/static/chunks/0uir7-bnzxe70.js:1:600)
    at async https://big2-three.vercel.app/_next/static/chunks/0uir7-bnzxe70.js:13:6139 @ https://big2-three.vercel.app/_next/static/chunks/0uir7-bnzxe70.js:12
[  120545ms] [ERROR] Failed to load resource: the server responded with a status of 400 () @ https://big2-three.vercel.app/api/mahjong/action:0
[  120546ms] [ERROR] [mj] action failed: Error: {"error":"沒有可以吃碰槓的牌"}
    at n (https://big2-three.vercel.app/_next/static/chunks/0uir7-bnzxe70.js:1:600)
    at async https://big2-three.vercel.app/_next/static/chunks/0uir7-bnzxe70.js:13:6139 @ https://big2-three.vercel.app/_next/static/chunks/0uir7-bnzxe70.js:12
[  123822ms] [ERROR] Failed to load resource: the server responded with a status of 400 () @ https://big2-three.vercel.app/api/mahjong/action:0
[  123825ms] [ERROR] [mj] action failed: Error: {"error":"沒有可以吃碰槓的牌"}
    at n (https://big2-three.vercel.app/_next/static/chunks/0uir7-bnzxe70.js:1:600)
    at async https://big2-three.vercel.app/_next/static/chunks/0uir7-bnzxe70.js:13:6139 @ https://big2-three.vercel.app/_next/static/chunks/0uir7-bnzxe70.js:12
[  127107ms] [ERROR] Failed to load resource: the server responded with a status of 400 () @ https://big2-three.vercel.app/api/mahjong/action:0
[  127108ms] [ERROR] [mj] action failed: Error: {"error":"沒有可以吃碰槓的牌"}
    at n (https://big2-three.vercel.app/_next/static/chunks/0uir7-bnzxe70.js:1:600)
    at async https://big2-three.vercel.app/_next/static/chunks/0uir7-bnzxe70.js:13:6139 @ https://big2-three.vercel.app/_next/static/chunks/0uir7-bnzxe70.js:12
[  130368ms] [ERROR] Failed to load resource: the server responded with a status of 400 () @ https://big2-three.vercel.app/api/mahjong/action:0
[  130372ms] [ERROR] [mj] action failed: Error: {"error":"沒有可以吃碰槓的牌"}
    at n (https://big2-three.vercel.app/_next/static/chunks/0uir7-bnzxe70.js:1:600)
    at async https://big2-three.vercel.app/_next/static/chunks/0uir7-bnzxe70.js:13:6139 @ https://big2-three.vercel.app/_next/static/chunks/0uir7-bnzxe70.js:12
[  133732ms] [ERROR] Failed to load resource: the server responded with a status of 400 () @ https://big2-three.vercel.app/api/mahjong/action:0
[  133734ms] [ERROR] [mj] action failed: Error: {"error":"沒有可以吃碰槓的牌"}
    at n (https://big2-three.vercel.app/_next/static/chunks/0uir7-bnzxe70.js:1:600)
    at async https://big2-three.vercel.app/_next/static/chunks/0uir7-bnzxe70.js:13:6139 @ https://big2-three.vercel.app/_next/static/chunks/0uir7-bnzxe70.js:12
[  136965ms] [ERROR] Failed to load resource: the server responded with a status of 400 () @ https://big2-three.vercel.app/api/mahjong/action:0
[  136969ms] [ERROR] [mj] action failed: Error: {"error":"沒有可以吃碰槓的牌"}
    at n (https://big2-three.vercel.app/_next/static/chunks/0uir7-bnzxe70.js:1:600)
    at async https://big2-three.vercel.app/_next/static/chunks/0uir7-bnzxe70.js:13:6139 @ https://big2-three.vercel.app/_next/static/chunks/0uir7-bnzxe70.js:12
[  140239ms] [ERROR] Failed to load resource: the server responded with a status of 400 () @ https://big2-three.vercel.app/api/mahjong/action:0
[  140243ms] [ERROR] [mj] action failed: Error: {"error":"沒有可以吃碰槓的牌"}
    at n (https://big2-three.vercel.app/_next/static/chunks/0uir7-bnzxe70.js:1:600)
    at async https://big2-three.vercel.app/_next/static/chunks/0uir7-bnzxe70.js:13:6139 @ https://big2-three.vercel.app/_next/static/chunks/0uir7-bnzxe70.js:12
[  143748ms] [ERROR] Failed to load resource: the server responded with a status of 400 () @ https://big2-three.vercel.app/api/mahjong/action:0
[  143749ms] [ERROR] [mj] action failed: Error: {"error":"沒有可以吃碰槓的牌"}
    at n (https://big2-three.vercel.app/_next/static/chunks/0uir7-bnzxe70.js:1:600)
    at async https://big2-three.vercel.app/_next/static/chunks/0uir7-bnzxe70.js:13:6139 @ https://big2-three.vercel.app/_next/static/chunks/0uir7-bnzxe70.js:12
[  146959ms] [ERROR] Failed to load resource: the server responded with a status of 400 () @ https://big2-three.vercel.app/api/mahjong/action:0
[  146960ms] [ERROR] [mj] action failed: Error: {"error":"沒有可以吃碰槓的牌"}
    at n (https://big2-three.vercel.app/_next/static/chunks/0uir7-bnzxe70.js:1:600)
    at async https://big2-three.vercel.app/_next/static/chunks/0uir7-bnzxe70.js:13:6139 @ https://big2-three.vercel.app/_next/static/chunks/0uir7-bnzxe70.js:12
[  150480ms] [ERROR] Failed to load resource: the server responded with a status of 400 () @ https://big2-three.vercel.app/api/mahjong/action:0
[  150484ms] [ERROR] [mj] action failed: Error: {"error":"沒有可以吃碰槓的牌"}
    at n (https://big2-three.vercel.app/_next/static/chunks/0uir7-bnzxe70.js:1:600)
    at async https://big2-three.vercel.app/_next/static/chunks/0uir7-bnzxe70.js:13:6139 @ https://big2-three.vercel.app/_next/static/chunks/0uir7-bnzxe70.js:12
[  153963ms] [ERROR] Failed to load resource: the server responded with a status of 400 () @ https://big2-three.vercel.app/api/mahjong/action:0
[  153966ms] [ERROR] [mj] action failed: Error: {"error":"沒有可以吃碰槓的牌"}
    at n (https://big2-three.vercel.app/_next/static/chunks/0uir7-bnzxe70.js:1:600)
    at async https://big2-three.vercel.app/_next/static/chunks/0uir7-bnzxe70.js:13:6139 @ https://big2-three.vercel.app/_next/static/chunks/0uir7-bnzxe70.js:12
[  157123ms] [ERROR] Failed to load resource: the server responded with a status of 400 () @ https://big2-three.vercel.app/api/mahjong/action:0
[  157126ms] [ERROR] [mj] action failed: Error: {"error":"沒有可以吃碰槓的牌"}
    at n (https://big2-three.vercel.app/_next/static/chunks/0uir7-bnzxe70.js:1:600)
    at async https://big2-three.vercel.app/_next/static/chunks/0uir7-bnzxe70.js:13:6139 @ https://big2-three.vercel.app/_next/static/chunks/0uir7-bnzxe70.js:12
[  160452ms] [ERROR] Failed to load resource: the server responded with a status of 400 () @ https://big2-three.vercel.app/api/mahjong/action:0
[  160453ms] [ERROR] [mj] action failed: Error: {"error":"沒有可以吃碰槓的牌"}
    at n (https://big2-three.vercel.app/_next/static/chunks/0uir7-bnzxe70.js:1:600)
    at async https://big2-three.vercel.app/_next/static/chunks/0uir7-bnzxe70.js:13:6139 @ https://big2-three.vercel.app/_next/static/chunks/0uir7-bnzxe70.js:12
[  163980ms] [ERROR] Failed to load resource: the server responded with a status of 400 () @ https://big2-three.vercel.app/api/mahjong/action:0
[  163982ms] [ERROR] [mj] action failed: Error: {"error":"沒有可以吃碰槓的牌"}
    at n (https://big2-three.vercel.app/_next/static/chunks/0uir7-bnzxe70.js:1:600)
    at async https://big2-three.vercel.app/_next/static/chunks/0uir7-bnzxe70.js:13:6139 @ https://big2-three.vercel.app/_next/static/chunks/0uir7-bnzxe70.js:12
[  167073ms] [ERROR] Failed to load resource: the server responded with a status of 400 () @ https://big2-three.vercel.app/api/mahjong/action:0
[  167074ms] [ERROR] [mj] action failed: Error: {"error":"沒有可以吃碰槓的牌"}
    at n (https://big2-three.vercel.app/_next/static/chunks/0uir7-bnzxe70.js:1:600)
    at async https://big2-three.vercel.app/_next/static/chunks/0uir7-bnzxe70.js:13:6139 @ https://big2-three.vercel.app/_next/static/chunks/0uir7-bnzxe70.js:12
[  170248ms] [ERROR] Failed to load resource: the server responded with a status of 400 () @ https://big2-three.vercel.app/api/mahjong/action:0
[  170251ms] [ERROR] [mj] action failed: Error: {"error":"沒有可以吃碰槓的牌"}
    at n (https://big2-three.vercel.app/_next/static/chunks/0uir7-bnzxe70.js:1:600)
    at async https://big2-three.vercel.app/_next/static/chunks/0uir7-bnzxe70.js:13:6139 @ https://big2-three.vercel.app/_next/static/chunks/0uir7-bnzxe70.js:12
[  173717ms] [ERROR] Failed to load resource: the server responded with a status of 400 () @ https://big2-three.vercel.app/api/mahjong/action:0
[  173719ms] [ERROR] [mj] action failed: Error: {"error":"沒有可以吃碰槓的牌"}
    at n (https://big2-three.vercel.app/_next/static/chunks/0uir7-bnzxe70.js:1:600)
    at async https://big2-three.vercel.app/_next/static/chunks/0uir7-bnzxe70.js:13:6139 @ https://big2-three.vercel.app/_next/static/chunks/0uir7-bnzxe70.js:12
[  177092ms] [ERROR] Failed to load resource: the server responded with a status of 400 () @ https://big2-three.vercel.app/api/mahjong/action:0
[  177094ms] [ERROR] [mj] action failed: Error: {"error":"沒有可以吃碰槓的牌"}
    at n (https://big2-three.vercel.app/_next/static/chunks/0uir7-bnzxe70.js:1:600)
    at async https://big2-three.vercel.app/_next/static/chunks/0uir7-bnzxe70.js:13:6139 @ https://big2-three.vercel.app/_next/static/chunks/0uir7-bnzxe70.js:12
[  180251ms] [ERROR] Failed to load resource: the server responded with a status of 400 () @ https://big2-three.vercel.app/api/mahjong/action:0
[  180253ms] [ERROR] [mj] action failed: Error: {"error":"沒有可以吃碰槓的牌"}
    at n (https://big2-three.vercel.app/_next/static/chunks/0uir7-bnzxe70.js:1:600)
    at async https://big2-three.vercel.app/_next/static/chunks/0uir7-bnzxe70.js:13:6139 @ https://big2-three.vercel.app/_next/static/chunks/0uir7-bnzxe70.js:12
[  184008ms] [ERROR] Failed to load resource: the server responded with a status of 400 () @ https://big2-three.vercel.app/api/mahjong/action:0
[  184013ms] [ERROR] [mj] action failed: Error: {"error":"沒有可以吃碰槓的牌"}
    at n (https://big2-three.vercel.app/_next/static/chunks/0uir7-bnzxe70.js:1:600)
    at async https://big2-three.vercel.app/_next/static/chunks/0uir7-bnzxe70.js:13:6139 @ https://big2-three.vercel.app/_next/static/chunks/0uir7-bnzxe70.js:12
[  187066ms] [ERROR] Failed to load resource: the server responded with a status of 400 () @ https://big2-three.vercel.app/api/mahjong/action:0
[  187069ms] [ERROR] [mj] action failed: Error: {"error":"沒有可以吃碰槓的牌"}
    at n (https://big2-three.vercel.app/_next/static/chunks/0uir7-bnzxe70.js:1:600)
    at async https://big2-three.vercel.app/_next/static/chunks/0uir7-bnzxe70.js:13:6139 @ https://big2-three.vercel.app/_next/static/chunks/0uir7-bnzxe70.js:12
[  190264ms] [ERROR] Failed to load resource: the server responded with a status of 400 () @ https://big2-three.vercel.app/api/mahjong/action:0
[  190268ms] [ERROR] [mj] action failed: Error: {"error":"沒有可以吃碰槓的牌"}
    at n (https://big2-three.vercel.app/_next/static/chunks/0uir7-bnzxe70.js:1:600)
    at async https://big2-three.vercel.app/_next/static/chunks/0uir7-bnzxe70.js:13:6139 @ https://big2-three.vercel.app/_next/static/chunks/0uir7-bnzxe70.js:12
[  193829ms] [ERROR] Failed to load resource: the server responded with a status of 400 () @ https://big2-three.vercel.app/api/mahjong/action:0
[  193831ms] [ERROR] [mj] action failed: Error: {"error":"沒有可以吃碰槓的牌"}
    at n (https://big2-three.vercel.app/_next/static/chunks/0uir7-bnzxe70.js:1:600)
    at async https://big2-three.vercel.app/_next/static/chunks/0uir7-bnzxe70.js:13:6139 @ https://big2-three.vercel.app/_next/static/chunks/0uir7-bnzxe70.js:12
[  197062ms] [ERROR] Failed to load resource: the server responded with a status of 400 () @ https://big2-three.vercel.app/api/mahjong/action:0
[  197064ms] [ERROR] [mj] action failed: Error: {"error":"沒有可以吃碰槓的牌"}
    at n (https://big2-three.vercel.app/_next/static/chunks/0uir7-bnzxe70.js:1:600)
    at async https://big2-three.vercel.app/_next/static/chunks/0uir7-bnzxe70.js:13:6139 @ https://big2-three.vercel.app/_next/static/chunks/0uir7-bnzxe70.js:12
[  200247ms] [ERROR] Failed to load resource: the server responded with a status of 400 () @ https://big2-three.vercel.app/api/mahjong/action:0
[  200251ms] [ERROR] [mj] action failed: Error: {"error":"沒有可以吃碰槓的牌"}
    at n (https://big2-three.vercel.app/_next/static/chunks/0uir7-bnzxe70.js:1:600)
    at async https://big2-three.vercel.app/_next/static/chunks/0uir7-bnzxe70.js:13:6139 @ https://big2-three.vercel.app/_next/static/chunks/0uir7-bnzxe70.js:12
[  203796ms] [ERROR] Failed to load resource: the server responded with a status of 400 () @ https://big2-three.vercel.app/api/mahjong/action:0
[  203799ms] [ERROR] [mj] action failed: Error: {"error":"沒有可以吃碰槓的牌"}
    at n (https://big2-three.vercel.app/_next/static/chunks/0uir7-bnzxe70.js:1:600)
    at async https://big2-three.vercel.app/_next/static/chunks/0uir7-bnzxe70.js:13:6139 @ https://big2-three.vercel.app/_next/static/chunks/0uir7-bnzxe70.js:12
[  207194ms] [ERROR] Failed to load resource: the server responded with a status of 400 () @ https://big2-three.vercel.app/api/mahjong/action:0
[  207195ms] [ERROR] [mj] action failed: Error: {"error":"沒有可以吃碰槓的牌"}
    at n (https://big2-three.vercel.app/_next/static/chunks/0uir7-bnzxe70.js:1:600)
    at async https://big2-three.vercel.app/_next/static/chunks/0uir7-bnzxe70.js:13:6139 @ https://big2-three.vercel.app/_next/static/chunks/0uir7-bnzxe70.js:12
[  210463ms] [ERROR] Failed to load resource: the server responded with a status of 400 () @ https://big2-three.vercel.app/api/mahjong/action:0
[  210464ms] [ERROR] [mj] action failed: Error: {"error":"沒有可以吃碰槓的牌"}
    at n (https://big2-three.vercel.app/_next/static/chunks/0uir7-bnzxe70.js:1:600)
    at async https://big2-three.vercel.app/_next/static/chunks/0uir7-bnzxe70.js:13:6139 @ https://big2-three.vercel.app/_next/static/chunks/0uir7-bnzxe70.js:12
[  213777ms] [ERROR] Failed to load resource: the server responded with a status of 400 () @ https://big2-three.vercel.app/api/mahjong/action:0
[  213780ms] [ERROR] [mj] action failed: Error: {"error":"沒有可以吃碰槓的牌"}
    at n (https://big2-three.vercel.app/_next/static/chunks/0uir7-bnzxe70.js:1:600)
    at async https://big2-three.vercel.app/_next/static/chunks/0uir7-bnzxe70.js:13:6139 @ https://big2-three.vercel.app/_next/static/chunks/0uir7-bnzxe70.js:12
[  217060ms] [ERROR] Failed to load resource: the server responded with a status of 400 () @ https://big2-three.vercel.app/api/mahjong/action:0
[  217062ms] [ERROR] [mj] action failed: Error: {"error":"沒有可以吃碰槓的牌"}
    at n (https://big2-three.vercel.app/_next/static/chunks/0uir7-bnzxe70.js:1:600)
    at async https://big2-three.vercel.app/_next/static/chunks/0uir7-bnzxe70.js:13:6139 @ https://big2-three.vercel.app/_next/static/chunks/0uir7-bnzxe70.js:12
[  220189ms] [ERROR] Failed to load resource: the server responded with a status of 400 () @ https://big2-three.vercel.app/api/mahjong/action:0
[  220190ms] [ERROR] [mj] action failed: Error: {"error":"沒有可以吃碰槓的牌"}
    at n (https://big2-three.vercel.app/_next/static/chunks/0uir7-bnzxe70.js:1:600)
    at async https://big2-three.vercel.app/_next/static/chunks/0uir7-bnzxe70.js:13:6139 @ https://big2-three.vercel.app/_next/static/chunks/0uir7-bnzxe70.js:12
[  223726ms] [ERROR] Failed to load resource: the server responded with a status of 400 () @ https://big2-three.vercel.app/api/mahjong/action:0
[  223729ms] [ERROR] [mj] action failed: Error: {"error":"沒有可以吃碰槓的牌"}
    at n (https://big2-three.vercel.app/_next/static/chunks/0uir7-bnzxe70.js:1:600)
    at async https://big2-three.vercel.app/_next/static/chunks/0uir7-bnzxe70.js:13:6139 @ https://big2-three.vercel.app/_next/static/chunks/0uir7-bnzxe70.js:12
[  226917ms] [ERROR] Failed to load resource: the server responded with a status of 400 () @ https://big2-three.vercel.app/api/mahjong/action:0
[  226918ms] [ERROR] [mj] action failed: Error: {"error":"沒有可以吃碰槓的牌"}
    at n (https://big2-three.vercel.app/_next/static/chunks/0uir7-bnzxe70.js:1:600)
    at async https://big2-three.vercel.app/_next/static/chunks/0uir7-bnzxe70.js:13:6139 @ https://big2-three.vercel.app/_next/static/chunks/0uir7-bnzxe70.js:12
[  230145ms] [ERROR] Failed to load resource: the server responded with a status of 400 () @ https://big2-three.vercel.app/api/mahjong/action:0
[  230146ms] [ERROR] [mj] action failed: Error: {"error":"沒有可以吃碰槓的牌"}
    at n (https://big2-three.vercel.app/_next/static/chunks/0uir7-bnzxe70.js:1:600)
    at async https://big2-three.vercel.app/_next/static/chunks/0uir7-bnzxe70.js:13:6139 @ https://big2-three.vercel.app/_next/static/chunks/0uir7-bnzxe70.js:12
[  233673ms] [ERROR] Failed to load resource: the server responded with a status of 400 () @ https://big2-three.vercel.app/api/mahjong/action:0
[  233675ms] [ERROR] [mj] action failed: Error: {"error":"沒有可以吃碰槓的牌"}
    at n (https://big2-three.vercel.app/_next/static/chunks/0uir7-bnzxe70.js:1:600)
    at async https://big2-three.vercel.app/_next/static/chunks/0uir7-bnzxe70.js:13:6139 @ https://big2-three.vercel.app/_next/static/chunks/0uir7-bnzxe70.js:12
[  236841ms] [ERROR] Failed to load resource: the server responded with a status of 400 () @ https://big2-three.vercel.app/api/mahjong/action:0
[  236843ms] [ERROR] [mj] action failed: Error: {"error":"沒有可以吃碰槓的牌"}
    at n (https://big2-three.vercel.app/_next/static/chunks/0uir7-bnzxe70.js:1:600)
    at async https://big2-three.vercel.app/_next/static/chunks/0uir7-bnzxe70.js:13:6139 @ https://big2-three.vercel.app/_next/static/chunks/0uir7-bnzxe70.js:12
[  240200ms] [ERROR] Failed to load resource: the server responded with a status of 400 () @ https://big2-three.vercel.app/api/mahjong/action:0
[  240203ms] [ERROR] [mj] action failed: Error: {"error":"沒有可以吃碰槓的牌"}
    at n (https://big2-three.vercel.app/_next/static/chunks/0uir7-bnzxe70.js:1:600)
    at async https://big2-three.vercel.app/_next/static/chunks/0uir7-bnzxe70.js:13:6139 @ https://big2-three.vercel.app/_next/static/chunks/0uir7-bnzxe70.js:12
[  243726ms] [ERROR] Failed to load resource: the server responded with a status of 400 () @ https://big2-three.vercel.app/api/mahjong/action:0
[  243727ms] [ERROR] [mj] action failed: Error: {"error":"沒有可以吃碰槓的牌"}
    at n (https://big2-three.vercel.app/_next/static/chunks/0uir7-bnzxe70.js:1:600)
    at async https://big2-three.vercel.app/_next/static/chunks/0uir7-bnzxe70.js:13:6139 @ https://big2-three.vercel.app/_next/static/chunks/0uir7-bnzxe70.js:12
[  247118ms] [ERROR] Failed to load resource: the server responded with a status of 400 () @ https://big2-three.vercel.app/api/mahjong/action:0
[  247120ms] [ERROR] [mj] action failed: Error: {"error":"沒有可以吃碰槓的牌"}
    at n (https://big2-three.vercel.app/_next/static/chunks/0uir7-bnzxe70.js:1:600)
    at async https://big2-three.vercel.app/_next/static/chunks/0uir7-bnzxe70.js:13:6139 @ https://big2-three.vercel.app/_next/static/chunks/0uir7-bnzxe70.js:12
[  250268ms] [ERROR] Failed to load resource: the server responded with a status of 400 () @ https://big2-three.vercel.app/api/mahjong/action:0
[  250272ms] [ERROR] [mj] action failed: Error: {"error":"沒有可以吃碰槓的牌"}
    at n (https://big2-three.vercel.app/_next/static/chunks/0uir7-bnzxe70.js:1:600)
    at async https://big2-three.vercel.app/_next/static/chunks/0uir7-bnzxe70.js:13:6139 @ https://big2-three.vercel.app/_next/static/chunks/0uir7-bnzxe70.js:12
[  253738ms] [ERROR] Failed to load resource: the server responded with a status of 400 () @ https://big2-three.vercel.app/api/mahjong/action:0
[  253740ms] [ERROR] [mj] action failed: Error: {"error":"沒有可以吃碰槓的牌"}
    at n (https://big2-three.vercel.app/_next/static/chunks/0uir7-bnzxe70.js:1:600)
    at async https://big2-three.vercel.app/_next/static/chunks/0uir7-bnzxe70.js:13:6139 @ https://big2-three.vercel.app/_next/static/chunks/0uir7-bnzxe70.js:12
[  256927ms] [ERROR] Failed to load resource: the server responded with a status of 400 () @ https://big2-three.vercel.app/api/mahjong/action:0
[  256930ms] [ERROR] [mj] action failed: Error: {"error":"沒有可以吃碰槓的牌"}
    at n (https://big2-three.vercel.app/_next/static/chunks/0uir7-bnzxe70.js:1:600)
    at async https://big2-three.vercel.app/_next/static/chunks/0uir7-bnzxe70.js:13:6139 @ https://big2-three.vercel.app/_next/static/chunks/0uir7-bnzxe70.js:12
[  260393ms] [ERROR] Failed to load resource: the server responded with a status of 400 () @ https://big2-three.vercel.app/api/mahjong/action:0
[  260394ms] [ERROR] [mj] action failed: Error: {"error":"沒有可以吃碰槓的牌"}
    at n (https://big2-three.vercel.app/_next/static/chunks/0uir7-bnzxe70.js:1:600)
    at async https://big2-three.vercel.app/_next/static/chunks/0uir7-bnzxe70.js:13:6139 @ https://big2-three.vercel.app/_next/static/chunks/0uir7-bnzxe70.js:12
[  263821ms] [ERROR] Failed to load resource: the server responded with a status of 400 () @ https://big2-three.vercel.app/api/mahjong/action:0
[  263824ms] [ERROR] [mj] action failed: Error: {"error":"沒有可以吃碰槓的牌"}
    at n (https://big2-three.vercel.app/_next/static/chunks/0uir7-bnzxe70.js:1:600)
    at async https://big2-three.vercel.app/_next/static/chunks/0uir7-bnzxe70.js:13:6139 @ https://big2-three.vercel.app/_next/static/chunks/0uir7-bnzxe70.js:12
[  266959ms] [ERROR] Failed to load resource: the server responded with a status of 400 () @ https://big2-three.vercel.app/api/mahjong/action:0
[  266962ms] [ERROR] [mj] action failed: Error: {"error":"沒有可以吃碰槓的牌"}
    at n (https://big2-three.vercel.app/_next/static/chunks/0uir7-bnzxe70.js:1:600)
    at async https://big2-three.vercel.app/_next/static/chunks/0uir7-bnzxe70.js:13:6139 @ https://big2-three.vercel.app/_next/static/chunks/0uir7-bnzxe70.js:12
[  270252ms] [ERROR] Failed to load resource: the server responded with a status of 400 () @ https://big2-three.vercel.app/api/mahjong/action:0
[  270253ms] [ERROR] [mj] action failed: Error: {"error":"沒有可以吃碰槓的牌"}
    at n (https://big2-three.vercel.app/_next/static/chunks/0uir7-bnzxe70.js:1:600)
    at async https://big2-three.vercel.app/_next/static/chunks/0uir7-bnzxe70.js:13:6139 @ https://big2-three.vercel.app/_next/static/chunks/0uir7-bnzxe70.js:12
[  273840ms] [ERROR] Failed to load resource: the server responded with a status of 400 () @ https://big2-three.vercel.app/api/mahjong/action:0
[  273842ms] [ERROR] [mj] action failed: Error: {"error":"沒有可以吃碰槓的牌"}
    at n (https://big2-three.vercel.app/_next/static/chunks/0uir7-bnzxe70.js:1:600)
    at async https://big2-three.vercel.app/_next/static/chunks/0uir7-bnzxe70.js:13:6139 @ https://big2-three.vercel.app/_next/static/chunks/0uir7-bnzxe70.js:12
[  277238ms] [ERROR] Failed to load resource: the server responded with a status of 400 () @ https://big2-three.vercel.app/api/mahjong/action:0
[  277240ms] [ERROR] [mj] action failed: Error: {"error":"沒有可以吃碰槓的牌"}
    at n (https://big2-three.vercel.app/_next/static/chunks/0uir7-bnzxe70.js:1:600)
    at async https://big2-three.vercel.app/_next/static/chunks/0uir7-bnzxe70.js:13:6139 @ https://big2-three.vercel.app/_next/static/chunks/0uir7-bnzxe70.js:12
[  280369ms] [ERROR] Failed to load resource: the server responded with a status of 400 () @ https://big2-three.vercel.app/api/mahjong/action:0
[  280372ms] [ERROR] [mj] action failed: Error: {"error":"沒有可以吃碰槓的牌"}
    at n (https://big2-three.vercel.app/_next/static/chunks/0uir7-bnzxe70.js:1:600)
    at async https://big2-three.vercel.app/_next/static/chunks/0uir7-bnzxe70.js:13:6139 @ https://big2-three.vercel.app/_next/static/chunks/0uir7-bnzxe70.js:12
[  283743ms] [ERROR] Failed to load resource: the server responded with a status of 400 () @ https://big2-three.vercel.app/api/mahjong/action:0
[  283746ms] [ERROR] [mj] action failed: Error: {"error":"沒有可以吃碰槓的牌"}
    at n (https://big2-three.vercel.app/_next/static/chunks/0uir7-bnzxe70.js:1:600)
    at async https://big2-three.vercel.app/_next/static/chunks/0uir7-bnzxe70.js:13:6139 @ https://big2-three.vercel.app/_next/static/chunks/0uir7-bnzxe70.js:12
[  286985ms] [ERROR] Failed to load resource: the server responded with a status of 400 () @ https://big2-three.vercel.app/api/mahjong/action:0
[  286988ms] [ERROR] [mj] action failed: Error: {"error":"沒有可以吃碰槓的牌"}
    at n (https://big2-three.vercel.app/_next/static/chunks/0uir7-bnzxe70.js:1:600)
    at async https://big2-three.vercel.app/_next/static/chunks/0uir7-bnzxe70.js:13:6139 @ https://big2-three.vercel.app/_next/static/chunks/0uir7-bnzxe70.js:12
[  290277ms] [ERROR] Failed to load resource: the server responded with a status of 400 () @ https://big2-three.vercel.app/api/mahjong/action:0
[  290280ms] [ERROR] [mj] action failed: Error: {"error":"沒有可以吃碰槓的牌"}
    at n (https://big2-three.vercel.app/_next/static/chunks/0uir7-bnzxe70.js:1:600)
    at async https://big2-three.vercel.app/_next/static/chunks/0uir7-bnzxe70.js:13:6139 @ https://big2-three.vercel.app/_next/static/chunks/0uir7-bnzxe70.js:12
[  293760ms] [ERROR] Failed to load resource: the server responded with a status of 400 () @ https://big2-three.vercel.app/api/mahjong/action:0
[  293762ms] [ERROR] [mj] action failed: Error: {"error":"沒有可以吃碰槓的牌"}
    at n (https://big2-three.vercel.app/_next/static/chunks/0uir7-bnzxe70.js:1:600)
    at async https://big2-three.vercel.app/_next/static/chunks/0uir7-bnzxe70.js:13:6139 @ https://big2-three.vercel.app/_next/static/chunks/0uir7-bnzxe70.js:12
[  297094ms] [ERROR] Failed to load resource: the server responded with a status of 400 () @ https://big2-three.vercel.app/api/mahjong/action:0
[  297097ms] [ERROR] [mj] action failed: Error: {"error":"沒有可以吃碰槓的牌"}
    at n (https://big2-three.vercel.app/_next/static/chunks/0uir7-bnzxe70.js:1:600)
    at async https://big2-three.vercel.app/_next/static/chunks/0uir7-bnzxe70.js:13:6139 @ https://big2-three.vercel.app/_next/static/chunks/0uir7-bnzxe70.js:12
[  300310ms] [ERROR] Failed to load resource: the server responded with a status of 400 () @ https://big2-three.vercel.app/api/mahjong/action:0
[  300311ms] [ERROR] [mj] action failed: Error: {"error":"沒有可以吃碰槓的牌"}
    at n (https://big2-three.vercel.app/_next/static/chunks/0uir7-bnzxe70.js:1:600)
    at async https://big2-three.vercel.app/_next/static/chunks/0uir7-bnzxe70.js:13:6139 @ https://big2-three.vercel.app/_next/static/chunks/0uir7-bnzxe70.js:12
[  303661ms] [ERROR] Failed to load resource: the server responded with a status of 400 () @ https://big2-three.vercel.app/api/mahjong/action:0
[  303663ms] [ERROR] [mj] action failed: Error: {"error":"沒有可以吃碰槓的牌"}
    at n (https://big2-three.vercel.app/_next/static/chunks/0uir7-bnzxe70.js:1:600)
    at async https://big2-three.vercel.app/_next/static/chunks/0uir7-bnzxe70.js:13:6139 @ https://big2-three.vercel.app/_next/static/chunks/0uir7-bnzxe70.js:12
[  307055ms] [ERROR] Failed to load resource: the server responded with a status of 400 () @ https://big2-three.vercel.app/api/mahjong/action:0
[  307056ms] [ERROR] [mj] action failed: Error: {"error":"沒有可以吃碰槓的牌"}
    at n (https://big2-three.vercel.app/_next/static/chunks/0uir7-bnzxe70.js:1:600)
    at async https://big2-three.vercel.app/_next/static/chunks/0uir7-bnzxe70.js:13:6139 @ https://big2-three.vercel.app/_next/static/chunks/0uir7-bnzxe70.js:12
[  310214ms] [ERROR] Failed to load resource: the server responded with a status of 400 () @ https://big2-three.vercel.app/api/mahjong/action:0
[  310215ms] [ERROR] [mj] action failed: Error: {"error":"沒有可以吃碰槓的牌"}
    at n (https://big2-three.vercel.app/_next/static/chunks/0uir7-bnzxe70.js:1:600)
    at async https://big2-three.vercel.app/_next/static/chunks/0uir7-bnzxe70.js:13:6139 @ https://big2-three.vercel.app/_next/static/chunks/0uir7-bnzxe70.js:12
[  313871ms] [ERROR] Failed to load resource: the server responded with a status of 400 () @ https://big2-three.vercel.app/api/mahjong/action:0
[  313874ms] [ERROR] [mj] action failed: Error: {"error":"沒有可以吃碰槓的牌"}
    at n (https://big2-three.vercel.app/_next/static/chunks/0uir7-bnzxe70.js:1:600)
    at async https://big2-three.vercel.app/_next/static/chunks/0uir7-bnzxe70.js:13:6139 @ https://big2-three.vercel.app/_next/static/chunks/0uir7-bnzxe70.js:12
[  317173ms] [ERROR] Failed to load resource: the server responded with a status of 400 () @ https://big2-three.vercel.app/api/mahjong/action:0
[  317176ms] [ERROR] [mj] action failed: Error: {"error":"沒有可以吃碰槓的牌"}
    at n (https://big2-three.vercel.app/_next/static/chunks/0uir7-bnzxe70.js:1:600)
    at async https://big2-three.vercel.app/_next/static/chunks/0uir7-bnzxe70.js:13:6139 @ https://big2-three.vercel.app/_next/static/chunks/0uir7-bnzxe70.js:12
[  320508ms] [ERROR] Failed to load resource: the server responded with a status of 400 () @ https://big2-three.vercel.app/api/mahjong/action:0
[  320509ms] [ERROR] [mj] action failed: Error: {"error":"沒有可以吃碰槓的牌"}
    at n (https://big2-three.vercel.app/_next/static/chunks/0uir7-bnzxe70.js:1:600)
    at async https://big2-three.vercel.app/_next/static/chunks/0uir7-bnzxe70.js:13:6139 @ https://big2-three.vercel.app/_next/static/chunks/0uir7-bnzxe70.js:12
[  324209ms] [ERROR] Failed to load resource: the server responded with a status of 400 () @ https://big2-three.vercel.app/api/mahjong/action:0
[  324209ms] [ERROR] [mj] action failed: Error: {"error":"沒有可以吃碰槓的牌"}
    at n (https://big2-three.vercel.app/_next/static/chunks/0uir7-bnzxe70.js:1:600)
    at async https://big2-three.vercel.app/_next/static/chunks/0uir7-bnzxe70.js:13:6139 @ https://big2-three.vercel.app/_next/static/chunks/0uir7-bnzxe70.js:12
[  327824ms] [ERROR] Failed to load resource: the server responded with a status of 400 () @ https://big2-three.vercel.app/api/mahjong/action:0
[  327825ms] [ERROR] [mj] action failed: Error: {"error":"沒有可以吃碰槓的牌"}
    at n (https://big2-three.vercel.app/_next/static/chunks/0uir7-bnzxe70.js:1:600)
    at async https://big2-three.vercel.app/_next/static/chunks/0uir7-bnzxe70.js:13:6139 @ https://big2-three.vercel.app/_next/static/chunks/0uir7-bnzxe70.js:12
[  331261ms] [ERROR] Failed to load resource: the server responded with a status of 400 () @ https://big2-three.vercel.app/api/mahjong/action:0
[  331262ms] [ERROR] [mj] action failed: Error: {"error":"沒有可以吃碰槓的牌"}
    at n (https://big2-three.vercel.app/_next/static/chunks/0uir7-bnzxe70.js:1:600)
    at async https://big2-three.vercel.app/_next/static/chunks/0uir7-bnzxe70.js:13:6139 @ https://big2-three.vercel.app/_next/static/chunks/0uir7-bnzxe70.js:12
[  334644ms] [ERROR] Failed to load resource: the server responded with a status of 400 () @ https://big2-three.vercel.app/api/mahjong/action:0
[  334645ms] [ERROR] [mj] action failed: Error: {"error":"沒有可以吃碰槓的牌"}
    at n (https://big2-three.vercel.app/_next/static/chunks/0uir7-bnzxe70.js:1:600)
    at async https://big2-three.vercel.app/_next/static/chunks/0uir7-bnzxe70.js:13:6139 @ https://big2-three.vercel.app/_next/static/chunks/0uir7-bnzxe70.js:12
[  338010ms] [ERROR] Failed to load resource: the server responded with a status of 400 () @ https://big2-three.vercel.app/api/mahjong/action:0
[  338013ms] [ERROR] [mj] action failed: Error: {"error":"沒有可以吃碰槓的牌"}
    at n (https://big2-three.vercel.app/_next/static/chunks/0uir7-bnzxe70.js:1:600)
    at async https://big2-three.vercel.app/_next/static/chunks/0uir7-bnzxe70.js:13:6139 @ https://big2-three.vercel.app/_next/static/chunks/0uir7-bnzxe70.js:12
[  341363ms] [ERROR] Failed to load resource: the server responded with a status of 400 () @ https://big2-three.vercel.app/api/mahjong/action:0
[  341363ms] [ERROR] [mj] action failed: Error: {"error":"沒有可以吃碰槓的牌"}
    at n (https://big2-three.vercel.app/_next/static/chunks/0uir7-bnzxe70.js:1:600)
    at async https://big2-three.vercel.app/_next/static/chunks/0uir7-bnzxe70.js:13:6139 @ https://big2-three.vercel.app/_next/static/chunks/0uir7-bnzxe70.js:12
[  344660ms] [ERROR] Failed to load resource: the server responded with a status of 400 () @ https://big2-three.vercel.app/api/mahjong/action:0
[  344664ms] [ERROR] [mj] action failed: Error: {"error":"沒有可以吃碰槓的牌"}
    at n (https://big2-three.vercel.app/_next/static/chunks/0uir7-bnzxe70.js:1:600)
    at async https://big2-three.vercel.app/_next/static/chunks/0uir7-bnzxe70.js:13:6139 @ https://big2-three.vercel.app/_next/static/chunks/0uir7-bnzxe70.js:12
[  347985ms] [ERROR] Failed to load resource: the server responded with a status of 400 () @ https://big2-three.vercel.app/api/mahjong/action:0
[  347988ms] [ERROR] [mj] action failed: Error: {"error":"沒有可以吃碰槓的牌"}
    at n (https://big2-three.vercel.app/_next/static/chunks/0uir7-bnzxe70.js:1:600)
    at async https://big2-three.vercel.app/_next/static/chunks/0uir7-bnzxe70.js:13:6139 @ https://big2-three.vercel.app/_next/static/chunks/0uir7-bnzxe70.js:12
[  351327ms] [ERROR] Failed to load resource: the server responded with a status of 400 () @ https://big2-three.vercel.app/api/mahjong/action:0
[  351327ms] [ERROR] [mj] action failed: Error: {"error":"沒有可以吃碰槓的牌"}
    at n (https://big2-three.vercel.app/_next/static/chunks/0uir7-bnzxe70.js:1:600)
    at async https://big2-three.vercel.app/_next/static/chunks/0uir7-bnzxe70.js:13:6139 @ https://big2-three.vercel.app/_next/static/chunks/0uir7-bnzxe70.js:12
[  354654ms] [ERROR] Failed to load resource: the server responded with a status of 400 () @ https://big2-three.vercel.app/api/mahjong/action:0
[  354656ms] [ERROR] [mj] action failed: Error: {"error":"沒有可以吃碰槓的牌"}
    at n (https://big2-three.vercel.app/_next/static/chunks/0uir7-bnzxe70.js:1:600)
    at async https://big2-three.vercel.app/_next/static/chunks/0uir7-bnzxe70.js:13:6139 @ https://big2-three.vercel.app/_next/static/chunks/0uir7-bnzxe70.js:12
[  357943ms] [ERROR] Failed to load resource: the server responded with a status of 400 () @ https://big2-three.vercel.app/api/mahjong/action:0
[  357945ms] [ERROR] [mj] action failed: Error: {"error":"沒有可以吃碰槓的牌"}
    at n (https://big2-three.vercel.app/_next/static/chunks/0uir7-bnzxe70.js:1:600)
    at async https://big2-three.vercel.app/_next/static/chunks/0uir7-bnzxe70.js:13:6139 @ https://big2-three.vercel.app/_next/static/chunks/0uir7-bnzxe70.js:12
[  361223ms] [ERROR] Failed to load resource: the server responded with a status of 400 () @ https://big2-three.vercel.app/api/mahjong/action:0
[  361223ms] [ERROR] [mj] action failed: Error: {"error":"沒有可以吃碰槓的牌"}
    at n (https://big2-three.vercel.app/_next/static/chunks/0uir7-bnzxe70.js:1:600)
    at async https://big2-three.vercel.app/_next/static/chunks/0uir7-bnzxe70.js:13:6139 @ https://big2-three.vercel.app/_next/static/chunks/0uir7-bnzxe70.js:12
[  364726ms] [ERROR] Failed to load resource: the server responded with a status of 400 () @ https://big2-three.vercel.app/api/mahjong/action:0
[  364728ms] [ERROR] [mj] action failed: Error: {"error":"沒有可以吃碰槓的牌"}
    at n (https://big2-three.vercel.app/_next/static/chunks/0uir7-bnzxe70.js:1:600)
    at async https://big2-three.vercel.app/_next/static/chunks/0uir7-bnzxe70.js:13:6139 @ https://big2-three.vercel.app/_next/static/chunks/0uir7-bnzxe70.js:12
[  368072ms] [ERROR] Failed to load resource: the server responded with a status of 400 () @ https://big2-three.vercel.app/api/mahjong/action:0
[  368073ms] [ERROR] [mj] action failed: Error: {"error":"沒有可以吃碰槓的牌"}
    at n (https://big2-three.vercel.app/_next/static/chunks/0uir7-bnzxe70.js:1:600)
    at async https://big2-three.vercel.app/_next/static/chunks/0uir7-bnzxe70.js:13:6139 @ https://big2-three.vercel.app/_next/static/chunks/0uir7-bnzxe70.js:12
[  371377ms] [ERROR] Failed to load resource: the server responded with a status of 400 () @ https://big2-three.vercel.app/api/mahjong/action:0
[  371381ms] [ERROR] [mj] action failed: Error: {"error":"沒有可以吃碰槓的牌"}
    at n (https://big2-three.vercel.app/_next/static/chunks/0uir7-bnzxe70.js:1:600)
    at async https://big2-three.vercel.app/_next/static/chunks/0uir7-bnzxe70.js:13:6139 @ https://big2-three.vercel.app/_next/static/chunks/0uir7-bnzxe70.js:12
[  374686ms] [ERROR] Failed to load resource: the server responded with a status of 400 () @ https://big2-three.vercel.app/api/mahjong/action:0
[  374687ms] [ERROR] [mj] action failed: Error: {"error":"沒有可以吃碰槓的牌"}
    at n (https://big2-three.vercel.app/_next/static/chunks/0uir7-bnzxe70.js:1:600)
    at async https://big2-three.vercel.app/_next/static/chunks/0uir7-bnzxe70.js:13:6139 @ https://big2-three.vercel.app/_next/static/chunks/0uir7-bnzxe70.js:12
[  378054ms] [ERROR] Failed to load resource: the server responded with a status of 400 () @ https://big2-three.vercel.app/api/mahjong/action:0
[  378057ms] [ERROR] [mj] action failed: Error: {"error":"沒有可以吃碰槓的牌"}
    at n (https://big2-three.vercel.app/_next/static/chunks/0uir7-bnzxe70.js:1:600)
    at async https://big2-three.vercel.app/_next/static/chunks/0uir7-bnzxe70.js:13:6139 @ https://big2-three.vercel.app/_next/static/chunks/0uir7-bnzxe70.js:12
[  381267ms] [ERROR] Failed to load resource: the server responded with a status of 400 () @ https://big2-three.vercel.app/api/mahjong/action:0
[  381268ms] [ERROR] [mj] action failed: Error: {"error":"沒有可以吃碰槓的牌"}
    at n (https://big2-three.vercel.app/_next/static/chunks/0uir7-bnzxe70.js:1:600)
    at async https://big2-three.vercel.app/_next/static/chunks/0uir7-bnzxe70.js:13:6139 @ https://big2-three.vercel.app/_next/static/chunks/0uir7-bnzxe70.js:12
[  384726ms] [ERROR] Failed to load resource: the server responded with a status of 400 () @ https://big2-three.vercel.app/api/mahjong/action:0
[  384727ms] [ERROR] [mj] action failed: Error: {"error":"沒有可以吃碰槓的牌"}
    at n (https://big2-three.vercel.app/_next/static/chunks/0uir7-bnzxe70.js:1:600)
    at async https://big2-three.vercel.app/_next/static/chunks/0uir7-bnzxe70.js:13:6139 @ https://big2-three.vercel.app/_next/static/chunks/0uir7-bnzxe70.js:12
[  388020ms] [ERROR] Failed to load resource: the server responded with a status of 400 () @ https://big2-three.vercel.app/api/mahjong/action:0
[  388022ms] [ERROR] [mj] action failed: Error: {"error":"沒有可以吃碰槓的牌"}
    at n (https://big2-three.vercel.app/_next/static/chunks/0uir7-bnzxe70.js:1:600)
    at async https://big2-three.vercel.app/_next/static/chunks/0uir7-bnzxe70.js:13:6139 @ https://big2-three.vercel.app/_next/static/chunks/0uir7-bnzxe70.js:12
[  391363ms] [ERROR] Failed to load resource: the server responded with a status of 400 () @ https://big2-three.vercel.app/api/mahjong/action:0
[  391365ms] [ERROR] [mj] action failed: Error: {"error":"沒有可以吃碰槓的牌"}
    at n (https://big2-three.vercel.app/_next/static/chunks/0uir7-bnzxe70.js:1:600)
    at async https://big2-three.vercel.app/_next/static/chunks/0uir7-bnzxe70.js:13:6139 @ https://big2-three.vercel.app/_next/static/chunks/0uir7-bnzxe70.js:12
[  394657ms] [ERROR] Failed to load resource: the server responded with a status of 400 () @ https://big2-three.vercel.app/api/mahjong/action:0
[  394660ms] [ERROR] [mj] action failed: Error: {"error":"沒有可以吃碰槓的牌"}
    at n (https://big2-three.vercel.app/_next/static/chunks/0uir7-bnzxe70.js:1:600)
    at async https://big2-three.vercel.app/_next/static/chunks/0uir7-bnzxe70.js:13:6139 @ https://big2-three.vercel.app/_next/static/chunks/0uir7-bnzxe70.js:12
[  397877ms] [ERROR] Failed to load resource: the server responded with a status of 400 () @ https://big2-three.vercel.app/api/mahjong/action:0
[  397878ms] [ERROR] [mj] action failed: Error: {"error":"沒有可以吃碰槓的牌"}
    at n (https://big2-three.vercel.app/_next/static/chunks/0uir7-bnzxe70.js:1:600)
    at async https://big2-three.vercel.app/_next/static/chunks/0uir7-bnzxe70.js:13:6139 @ https://big2-three.vercel.app/_next/static/chunks/0uir7-bnzxe70.js:12
[  401140ms] [ERROR] Failed to load resource: the server responded with a status of 400 () @ https://big2-three.vercel.app/api/mahjong/action:0
[  401140ms] [ERROR] [mj] action failed: Error: {"error":"沒有可以吃碰槓的牌"}
    at n (https://big2-three.vercel.app/_next/static/chunks/0uir7-bnzxe70.js:1:600)
    at async https://big2-three.vercel.app/_next/static/chunks/0uir7-bnzxe70.js:13:6139 @ https://big2-three.vercel.app/_next/static/chunks/0uir7-bnzxe70.js:12
[  404458ms] [ERROR] Failed to load resource: the server responded with a status of 400 () @ https://big2-three.vercel.app/api/mahjong/action:0
[  404463ms] [ERROR] [mj] action failed: Error: {"error":"沒有可以吃碰槓的牌"}
    at n (https://big2-three.vercel.app/_next/static/chunks/0uir7-bnzxe70.js:1:600)
    at async https://big2-three.vercel.app/_next/static/chunks/0uir7-bnzxe70.js:13:6139 @ https://big2-three.vercel.app/_next/static/chunks/0uir7-bnzxe70.js:12
[  407820ms] [ERROR] Failed to load resource: the server responded with a status of 400 () @ https://big2-three.vercel.app/api/mahjong/action:0
[  407821ms] [ERROR] [mj] action failed: Error: {"error":"沒有可以吃碰槓的牌"}
    at n (https://big2-three.vercel.app/_next/static/chunks/0uir7-bnzxe70.js:1:600)
    at async https://big2-three.vercel.app/_next/static/chunks/0uir7-bnzxe70.js:13:6139 @ https://big2-three.vercel.app/_next/static/chunks/0uir7-bnzxe70.js:12
[  411283ms] [ERROR] Failed to load resource: the server responded with a status of 400 () @ https://big2-three.vercel.app/api/mahjong/action:0
[  411284ms] [ERROR] [mj] action failed: Error: {"error":"沒有可以吃碰槓的牌"}
    at n (https://big2-three.vercel.app/_next/static/chunks/0uir7-bnzxe70.js:1:600)
    at async https://big2-three.vercel.app/_next/static/chunks/0uir7-bnzxe70.js:13:6139 @ https://big2-three.vercel.app/_next/static/chunks/0uir7-bnzxe70.js:12
[  414868ms] [ERROR] Failed to load resource: the server responded with a status of 400 () @ https://big2-three.vercel.app/api/mahjong/action:0
[  414870ms] [ERROR] [mj] action failed: Error: {"error":"沒有可以吃碰槓的牌"}
    at n (https://big2-three.vercel.app/_next/static/chunks/0uir7-bnzxe70.js:1:600)
    at async https://big2-three.vercel.app/_next/static/chunks/0uir7-bnzxe70.js:13:6139 @ https://big2-three.vercel.app/_next/static/chunks/0uir7-bnzxe70.js:12
[  418078ms] [ERROR] Failed to load resource: the server responded with a status of 400 () @ https://big2-three.vercel.app/api/mahjong/action:0
[  418084ms] [ERROR] [mj] action failed: Error: {"error":"沒有可以吃碰槓的牌"}
    at n (https://big2-three.vercel.app/_next/static/chunks/0uir7-bnzxe70.js:1:600)
    at async https://big2-three.vercel.app/_next/static/chunks/0uir7-bnzxe70.js:13:6139 @ https://big2-three.vercel.app/_next/static/chunks/0uir7-bnzxe70.js:12
[  421420ms] [ERROR] Failed to load resource: the server responded with a status of 400 () @ https://big2-three.vercel.app/api/mahjong/action:0
[  421420ms] [ERROR] [mj] action failed: Error: {"error":"沒有可以吃碰槓的牌"}
    at n (https://big2-three.vercel.app/_next/static/chunks/0uir7-bnzxe70.js:1:600)
    at async https://big2-three.vercel.app/_next/static/chunks/0uir7-bnzxe70.js:13:6139 @ https://big2-three.vercel.app/_next/static/chunks/0uir7-bnzxe70.js:12
[  424703ms] [ERROR] Failed to load resource: the server responded with a status of 400 () @ https://big2-three.vercel.app/api/mahjong/action:0
[  424705ms] [ERROR] [mj] action failed: Error: {"error":"沒有可以吃碰槓的牌"}
    at n (https://big2-three.vercel.app/_next/static/chunks/0uir7-bnzxe70.js:1:600)
    at async https://big2-three.vercel.app/_next/static/chunks/0uir7-bnzxe70.js:13:6139 @ https://big2-three.vercel.app/_next/static/chunks/0uir7-bnzxe70.js:12
[  428049ms] [ERROR] Failed to load resource: the server responded with a status of 400 () @ https://big2-three.vercel.app/api/mahjong/action:0
[  428052ms] [ERROR] [mj] action failed: Error: {"error":"沒有可以吃碰槓的牌"}
    at n (https://big2-three.vercel.app/_next/static/chunks/0uir7-bnzxe70.js:1:600)
    at async https://big2-three.vercel.app/_next/static/chunks/0uir7-bnzxe70.js:13:6139 @ https://big2-three.vercel.app/_next/static/chunks/0uir7-bnzxe70.js:12
[  431386ms] [ERROR] Failed to load resource: the server responded with a status of 400 () @ https://big2-three.vercel.app/api/mahjong/action:0
[  431388ms] [ERROR] [mj] action failed: Error: {"error":"沒有可以吃碰槓的牌"}
    at n (https://big2-three.vercel.app/_next/static/chunks/0uir7-bnzxe70.js:1:600)
    at async https://big2-three.vercel.app/_next/static/chunks/0uir7-bnzxe70.js:13:6139 @ https://big2-three.vercel.app/_next/static/chunks/0uir7-bnzxe70.js:12
[  434727ms] [ERROR] Failed to load resource: the server responded with a status of 400 () @ https://big2-three.vercel.app/api/mahjong/action:0
[  434732ms] [ERROR] [mj] action failed: Error: {"error":"沒有可以吃碰槓的牌"}
    at n (https://big2-three.vercel.app/_next/static/chunks/0uir7-bnzxe70.js:1:600)
    at async https://big2-three.vercel.app/_next/static/chunks/0uir7-bnzxe70.js:13:6139 @ https://big2-three.vercel.app/_next/static/chunks/0uir7-bnzxe70.js:12
[  438125ms] [ERROR] Failed to load resource: the server responded with a status of 400 () @ https://big2-three.vercel.app/api/mahjong/action:0
[  438127ms] [ERROR] [mj] action failed: Error: {"error":"沒有可以吃碰槓的牌"}
    at n (https://big2-three.vercel.app/_next/static/chunks/0uir7-bnzxe70.js:1:600)
    at async https://big2-three.vercel.app/_next/static/chunks/0uir7-bnzxe70.js:13:6139 @ https://big2-three.vercel.app/_next/static/chunks/0uir7-bnzxe70.js:12
[  441401ms] [ERROR] Failed to load resource: the server responded with a status of 400 () @ https://big2-three.vercel.app/api/mahjong/action:0
[  441402ms] [ERROR] [mj] action failed: Error: {"error":"沒有可以吃碰槓的牌"}
    at n (https://big2-three.vercel.app/_next/static/chunks/0uir7-bnzxe70.js:1:600)
    at async https://big2-three.vercel.app/_next/static/chunks/0uir7-bnzxe70.js:13:6139 @ https://big2-three.vercel.app/_next/static/chunks/0uir7-bnzxe70.js:12
[  444807ms] [ERROR] Failed to load resource: the server responded with a status of 400 () @ https://big2-three.vercel.app/api/mahjong/action:0
[  444808ms] [ERROR] [mj] action failed: Error: {"error":"沒有可以吃碰槓的牌"}
    at n (https://big2-three.vercel.app/_next/static/chunks/0uir7-bnzxe70.js:1:600)
    at async https://big2-three.vercel.app/_next/static/chunks/0uir7-bnzxe70.js:13:6139 @ https://big2-three.vercel.app/_next/static/chunks/0uir7-bnzxe70.js:12
[  448176ms] [ERROR] Failed to load resource: the server responded with a status of 400 () @ https://big2-three.vercel.app/api/mahjong/action:0
[  448177ms] [ERROR] [mj] action failed: Error: {"error":"沒有可以吃碰槓的牌"}
    at n (https://big2-three.vercel.app/_next/static/chunks/0uir7-bnzxe70.js:1:600)
    at async https://big2-three.vercel.app/_next/static/chunks/0uir7-bnzxe70.js:13:6139 @ https://big2-three.vercel.app/_next/static/chunks/0uir7-bnzxe70.js:12
[  451648ms] [ERROR] Failed to load resource: the server responded with a status of 400 () @ https://big2-three.vercel.app/api/mahjong/action:0
[  451650ms] [ERROR] [mj] action failed: Error: {"error":"沒有可以吃碰槓的牌"}
    at n (https://big2-three.vercel.app/_next/static/chunks/0uir7-bnzxe70.js:1:600)
    at async https://big2-three.vercel.app/_next/static/chunks/0uir7-bnzxe70.js:13:6139 @ https://big2-three.vercel.app/_next/static/chunks/0uir7-bnzxe70.js:12
[  455044ms] [ERROR] Failed to load resource: the server responded with a status of 400 () @ https://big2-three.vercel.app/api/mahjong/action:0
[  455046ms] [ERROR] [mj] action failed: Error: {"error":"沒有可以吃碰槓的牌"}
    at n (https://big2-three.vercel.app/_next/static/chunks/0uir7-bnzxe70.js:1:600)
    at async https://big2-three.vercel.app/_next/static/chunks/0uir7-bnzxe70.js:13:6139 @ https://big2-three.vercel.app/_next/static/chunks/0uir7-bnzxe70.js:12
[  458802ms] [ERROR] Failed to load resource: the server responded with a status of 400 () @ https://big2-three.vercel.app/api/mahjong/action:0
[  458806ms] [ERROR] [mj] action failed: Error: {"error":"沒有可以吃碰槓的牌"}
    at n (https://big2-three.vercel.app/_next/static/chunks/0uir7-bnzxe70.js:1:600)
    at async https://big2-three.vercel.app/_next/static/chunks/0uir7-bnzxe70.js:13:6139 @ https://big2-three.vercel.app/_next/static/chunks/0uir7-bnzxe70.js:12
[  462267ms] [ERROR] Failed to load resource: the server responded with a status of 400 () @ https://big2-three.vercel.app/api/mahjong/action:0
[  462269ms] [ERROR] [mj] action failed: Error: {"error":"沒有可以吃碰槓的牌"}
    at n (https://big2-three.vercel.app/_next/static/chunks/0uir7-bnzxe70.js:1:600)
    at async https://big2-three.vercel.app/_next/static/chunks/0uir7-bnzxe70.js:13:6139 @ https://big2-three.vercel.app/_next/static/chunks/0uir7-bnzxe70.js:12
[  465426ms] [ERROR] Failed to load resource: the server responded with a status of 400 () @ https://big2-three.vercel.app/api/mahjong/action:0
[  465428ms] [ERROR] [mj] action failed: Error: {"error":"沒有可以吃碰槓的牌"}
    at n (https://big2-three.vercel.app/_next/static/chunks/0uir7-bnzxe70.js:1:600)
    at async https://big2-three.vercel.app/_next/static/chunks/0uir7-bnzxe70.js:13:6139 @ https://big2-three.vercel.app/_next/static/chunks/0uir7-bnzxe70.js:12
[  468768ms] [ERROR] Failed to load resource: the server responded with a status of 400 () @ https://big2-three.vercel.app/api/mahjong/action:0
[  468770ms] [ERROR] [mj] action failed: Error: {"error":"沒有可以吃碰槓的牌"}
    at n (https://big2-three.vercel.app/_next/static/chunks/0uir7-bnzxe70.js:1:600)
    at async https://big2-three.vercel.app/_next/static/chunks/0uir7-bnzxe70.js:13:6139 @ https://big2-three.vercel.app/_next/static/chunks/0uir7-bnzxe70.js:12
