[    5598ms] [LOG] [mj] connected to room 9576 @ https://big2-three.vercel.app/_next/static/chunks/0x_73-b6kym3c.js:12
[   57620ms] [ERROR] Failed to load resource: the server responded with a status of 400 () @ https://big2-three.vercel.app/api/mahjong/draw:0
[   57621ms] [ERROR] [mj] draw failed: Error: {"error":"已經摸過牌了"}
    at n (https://big2-three.vercel.app/_next/static/chunks/0x_73-b6kym3c.js:1:600)
    at async https://big2-three.vercel.app/_next/static/chunks/0x_73-b6kym3c.js:13:5644 @ https://big2-three.vercel.app/_next/static/chunks/0x_73-b6kym3c.js:12
[   64473ms] [ERROR] Failed to load resource: the server responded with a status of 400 () @ https://big2-three.vercel.app/api/mahjong/draw:0
[   64476ms] [ERROR] [mj] draw failed: Error: {"error":"還沒輪到你"}
    at n (https://big2-three.vercel.app/_next/static/chunks/0x_73-b6kym3c.js:1:600)
    at async https://big2-three.vercel.app/_next/static/chunks/0x_73-b6kym3c.js:13:5644 @ https://big2-three.vercel.app/_next/static/chunks/0x_73-b6kym3c.js:12
[  100985ms] [ERROR] Failed to load resource: the server responded with a status of 400 () @ https://big2-three.vercel.app/api/mahjong/draw:0
[  100986ms] [ERROR] [mj] draw failed: Error: {"error":"還沒輪到你"}
    at n (https://big2-three.vercel.app/_next/static/chunks/0x_73-b6kym3c.js:1:600)
    at async https://big2-three.vercel.app/_next/static/chunks/0x_73-b6kym3c.js:13:5644 @ https://big2-three.vercel.app/_next/static/chunks/0x_73-b6kym3c.js:12
[  156157ms] [ERROR] Failed to load resource: the server responded with a status of 400 () @ https://big2-three.vercel.app/api/mahjong/draw:0
[  156158ms] [ERROR] [mj] draw failed: Error: {"error":"還沒輪到你"}
    at n (https://big2-three.vercel.app/_next/static/chunks/0x_73-b6kym3c.js:1:600)
    at async https://big2-three.vercel.app/_next/static/chunks/0x_73-b6kym3c.js:13:5644 @ https://big2-three.vercel.app/_next/static/chunks/0x_73-b6kym3c.js:12
[  200198ms] [ERROR] Failed to load resource: the server responded with a status of 400 () @ https://big2-three.vercel.app/api/mahjong/draw:0
[  200201ms] [ERROR] [mj] draw failed: Error: {"error":"還沒輪到你"}
    at n (https://big2-three.vercel.app/_next/static/chunks/0x_73-b6kym3c.js:1:600)
    at async https://big2-three.vercel.app/_next/static/chunks/0x_73-b6kym3c.js:13:5644 @ https://big2-three.vercel.app/_next/static/chunks/0x_73-b6kym3c.js:12
[  282011ms] [ERROR] Failed to load resource: the server responded with a status of 400 () @ https://big2-three.vercel.app/api/mahjong/draw:0
[  282011ms] [ERROR] [mj] draw failed: Error: {"error":"已經摸過牌了"}
    at n (https://big2-three.vercel.app/_next/static/chunks/0x_73-b6kym3c.js:1:600)
    at async https://big2-three.vercel.app/_next/static/chunks/0x_73-b6kym3c.js:13:5644 @ https://big2-three.vercel.app/_next/static/chunks/0x_73-b6kym3c.js:12
[  289132ms] [ERROR] Failed to load resource: the server responded with a status of 400 () @ https://big2-three.vercel.app/api/mahjong/draw:0
[  289132ms] [ERROR] [mj] draw failed: Error: {"error":"還沒輪到你"}
    at n (https://big2-three.vercel.app/_next/static/chunks/0x_73-b6kym3c.js:1:600)
    at async https://big2-three.vercel.app/_next/static/chunks/0x_73-b6kym3c.js:13:5644 @ https://big2-three.vercel.app/_next/static/chunks/0x_73-b6kym3c.js:12
[  334503ms] [ERROR] Failed to load resource: the server responded with a status of 400 () @ https://big2-three.vercel.app/api/mahjong/draw:0
[  334506ms] [ERROR] [mj] draw failed: Error: {"error":"還沒輪到你"}
    at n (https://big2-three.vercel.app/_next/static/chunks/0x_73-b6kym3c.js:1:600)
    at async https://big2-three.vercel.app/_next/static/chunks/0x_73-b6kym3c.js:13:5644 @ https://big2-three.vercel.app/_next/static/chunks/0x_73-b6kym3c.js:12
[  371200ms] [ERROR] Failed to load resource: the server responded with a status of 400 () @ https://big2-three.vercel.app/api/mahjong/draw:0
[  371200ms] [ERROR] [mj] draw failed: Error: {"error":"已經摸過牌了"}
    at n (https://big2-three.vercel.app/_next/static/chunks/0x_73-b6kym3c.js:1:600)
    at async https://big2-three.vercel.app/_next/static/chunks/0x_73-b6kym3c.js:13:5644 @ https://big2-three.vercel.app/_next/static/chunks/0x_73-b6kym3c.js:12
[  375974ms] [ERROR] Failed to load resource: the server responded with a status of 400 () @ https://big2-three.vercel.app/api/mahjong/draw:0
[  375974ms] [ERROR] [mj] draw failed: Error: {"error":"還沒輪到你"}
    at n (https://big2-three.vercel.app/_next/static/chunks/0x_73-b6kym3c.js:1:600)
    at async https://big2-three.vercel.app/_next/static/chunks/0x_73-b6kym3c.js:13:5644 @ https://big2-three.vercel.app/_next/static/chunks/0x_73-b6kym3c.js:12
[  398081ms] [ERROR] Failed to load resource: the server responded with a status of 400 () @ https://big2-three.vercel.app/api/mahjong/action:0
[  398082ms] [ERROR] [mj] action failed: Error: {"error":"沒有可以吃碰槓的牌"}
    at n (https://big2-three.vercel.app/_next/static/chunks/0x_73-b6kym3c.js:1:600)
    at async https://big2-three.vercel.app/_next/static/chunks/0x_73-b6kym3c.js:13:6175 @ https://big2-three.vercel.app/_next/static/chunks/0x_73-b6kym3c.js:12
[  439534ms] [ERROR] Failed to load resource: the server responded with a status of 400 () @ https://big2-three.vercel.app/api/mahjong/draw:0
[  439537ms] [ERROR] [mj] draw failed: Error: {"error":"還沒輪到你"}
    at n (https://big2-three.vercel.app/_next/static/chunks/0x_73-b6kym3c.js:1:600)
    at async https://big2-three.vercel.app/_next/static/chunks/0x_73-b6kym3c.js:13:5644 @ https://big2-three.vercel.app/_next/static/chunks/0x_73-b6kym3c.js:12
[  480785ms] [ERROR] Failed to load resource: the server responded with a status of 400 () @ https://big2-three.vercel.app/api/mahjong/draw:0
[  480785ms] [ERROR] [mj] draw failed: Error: {"error":"還沒輪到你"}
    at n (https://big2-three.vercel.app/_next/static/chunks/0x_73-b6kym3c.js:1:600)
    at async https://big2-three.vercel.app/_next/static/chunks/0x_73-b6kym3c.js:13:5644 @ https://big2-three.vercel.app/_next/static/chunks/0x_73-b6kym3c.js:12
